Tue, 08 Aug 2017 15:37:49 lagouetl.py[line:109] INFO -----Begin-----
Tue, 08 Aug 2017 15:37:49 lagouetl.py[line:89] INFO ---------Begin mf_crawler_project2--------
Tue, 08 Aug 2017 15:37:49 lagouetl.py[line:99] INFO data count: 434674
Tue, 08 Aug 2017 15:38:19 lagouetl.py[line:104] INFO COPY pageno 1, insert count: 764 current offset: 1000
Tue, 08 Aug 2017 15:38:47 lagouetl.py[line:104] INFO COPY pageno 2, insert count: 1514 current offset: 2000
Tue, 08 Aug 2017 15:39:15 lagouetl.py[line:104] INFO COPY pageno 3, insert count: 2296 current offset: 3000
Tue, 08 Aug 2017 15:39:43 lagouetl.py[line:104] INFO COPY pageno 4, insert count: 3257 current offset: 4000
Tue, 08 Aug 2017 15:40:11 lagouetl.py[line:104] INFO COPY pageno 5, insert count: 4228 current offset: 5000
Tue, 08 Aug 2017 15:40:40 lagouetl.py[line:104] INFO COPY pageno 6, insert count: 5214 current offset: 6000
Tue, 08 Aug 2017 15:41:09 lagouetl.py[line:104] INFO COPY pageno 7, insert count: 6199 current offset: 7000
Tue, 08 Aug 2017 15:41:40 lagouetl.py[line:104] INFO COPY pageno 8, insert count: 7182 current offset: 8000
Tue, 08 Aug 2017 15:42:09 lagouetl.py[line:104] INFO COPY pageno 9, insert count: 8167 current offset: 9000
Tue, 08 Aug 2017 15:42:40 lagouetl.py[line:104] INFO COPY pageno 10, insert count: 9156 current offset: 10000
Tue, 08 Aug 2017 15:43:09 lagouetl.py[line:104] INFO COPY pageno 11, insert count: 10144 current offset: 11000
Tue, 08 Aug 2017 15:43:39 lagouetl.py[line:104] INFO COPY pageno 12, insert count: 11130 current offset: 12000
Tue, 08 Aug 2017 15:44:09 lagouetl.py[line:104] INFO COPY pageno 13, insert count: 12122 current offset: 13000
Tue, 08 Aug 2017 15:44:40 lagouetl.py[line:104] INFO COPY pageno 14, insert count: 13104 current offset: 14000
Tue, 08 Aug 2017 15:45:10 lagouetl.py[line:104] INFO COPY pageno 15, insert count: 14085 current offset: 15000
Tue, 08 Aug 2017 15:45:39 lagouetl.py[line:104] INFO COPY pageno 16, insert count: 15071 current offset: 16000
Tue, 08 Aug 2017 15:46:07 lagouetl.py[line:104] INFO COPY pageno 17, insert count: 16058 current offset: 17000
Tue, 08 Aug 2017 15:46:36 lagouetl.py[line:104] INFO COPY pageno 18, insert count: 17051 current offset: 18000
Tue, 08 Aug 2017 15:47:08 lagouetl.py[line:104] INFO COPY pageno 19, insert count: 18037 current offset: 19000
Tue, 08 Aug 2017 15:47:39 lagouetl.py[line:104] INFO COPY pageno 20, insert count: 19029 current offset: 20000
Tue, 08 Aug 2017 15:48:07 lagouetl.py[line:104] INFO COPY pageno 21, insert count: 20016 current offset: 21000
Tue, 08 Aug 2017 15:48:36 lagouetl.py[line:104] INFO COPY pageno 22, insert count: 21007 current offset: 22000
Tue, 08 Aug 2017 15:49:05 lagouetl.py[line:104] INFO COPY pageno 23, insert count: 21994 current offset: 23000
Tue, 08 Aug 2017 15:49:34 lagouetl.py[line:104] INFO COPY pageno 24, insert count: 22972 current offset: 24000
Tue, 08 Aug 2017 15:50:03 lagouetl.py[line:104] INFO COPY pageno 25, insert count: 23954 current offset: 25000
Tue, 08 Aug 2017 15:50:35 lagouetl.py[line:104] INFO COPY pageno 26, insert count: 24944 current offset: 26000
Tue, 08 Aug 2017 15:51:02 lagouetl.py[line:104] INFO COPY pageno 27, insert count: 25930 current offset: 27000
Tue, 08 Aug 2017 15:51:31 lagouetl.py[line:104] INFO COPY pageno 28, insert count: 26918 current offset: 28000
Tue, 08 Aug 2017 15:52:00 lagouetl.py[line:104] INFO COPY pageno 29, insert count: 27910 current offset: 29000
Tue, 08 Aug 2017 15:52:31 lagouetl.py[line:104] INFO COPY pageno 30, insert count: 28348 current offset: 30000
Tue, 08 Aug 2017 15:52:59 lagouetl.py[line:104] INFO COPY pageno 31, insert count: 28674 current offset: 31000
Tue, 08 Aug 2017 15:53:27 lagouetl.py[line:104] INFO COPY pageno 32, insert count: 29319 current offset: 32000
Tue, 08 Aug 2017 15:53:58 lagouetl.py[line:104] INFO COPY pageno 33, insert count: 29717 current offset: 33000
Tue, 08 Aug 2017 15:54:27 lagouetl.py[line:104] INFO COPY pageno 34, insert count: 30046 current offset: 34000
Tue, 08 Aug 2017 15:54:57 lagouetl.py[line:104] INFO COPY pageno 35, insert count: 30451 current offset: 35000
Tue, 08 Aug 2017 15:55:25 lagouetl.py[line:104] INFO COPY pageno 36, insert count: 31047 current offset: 36000
Tue, 08 Aug 2017 15:55:53 lagouetl.py[line:104] INFO COPY pageno 37, insert count: 31696 current offset: 37000
Tue, 08 Aug 2017 15:56:22 lagouetl.py[line:104] INFO COPY pageno 38, insert count: 32336 current offset: 38000
Tue, 08 Aug 2017 15:56:50 lagouetl.py[line:104] INFO COPY pageno 39, insert count: 32967 current offset: 39000
Tue, 08 Aug 2017 15:57:18 lagouetl.py[line:104] INFO COPY pageno 40, insert count: 33715 current offset: 40000
Tue, 08 Aug 2017 15:57:45 lagouetl.py[line:104] INFO COPY pageno 41, insert count: 34361 current offset: 41000
Tue, 08 Aug 2017 15:58:14 lagouetl.py[line:104] INFO COPY pageno 42, insert count: 35111 current offset: 42000
Tue, 08 Aug 2017 15:58:41 lagouetl.py[line:104] INFO COPY pageno 43, insert count: 35800 current offset: 43000
Tue, 08 Aug 2017 15:59:08 lagouetl.py[line:104] INFO COPY pageno 44, insert count: 36471 current offset: 44000
Tue, 08 Aug 2017 15:59:37 lagouetl.py[line:104] INFO COPY pageno 45, insert count: 37209 current offset: 45000
Tue, 08 Aug 2017 16:00:15 lagouetl.py[line:104] INFO COPY pageno 46, insert count: 37896 current offset: 46000
Tue, 08 Aug 2017 16:00:42 lagouetl.py[line:104] INFO COPY pageno 47, insert count: 38530 current offset: 47000
Tue, 08 Aug 2017 16:01:10 lagouetl.py[line:104] INFO COPY pageno 48, insert count: 39152 current offset: 48000
Tue, 08 Aug 2017 16:01:37 lagouetl.py[line:104] INFO COPY pageno 49, insert count: 39807 current offset: 49000
Tue, 08 Aug 2017 16:02:06 lagouetl.py[line:104] INFO COPY pageno 50, insert count: 40483 current offset: 50000
Tue, 08 Aug 2017 16:02:35 lagouetl.py[line:104] INFO COPY pageno 51, insert count: 41123 current offset: 51000
Tue, 08 Aug 2017 16:03:03 lagouetl.py[line:104] INFO COPY pageno 52, insert count: 41765 current offset: 52000
Tue, 08 Aug 2017 16:03:30 lagouetl.py[line:104] INFO COPY pageno 53, insert count: 42371 current offset: 53000
Tue, 08 Aug 2017 16:03:58 lagouetl.py[line:104] INFO COPY pageno 54, insert count: 43108 current offset: 54000
Tue, 08 Aug 2017 16:04:26 lagouetl.py[line:104] INFO COPY pageno 55, insert count: 43901 current offset: 55000
Tue, 08 Aug 2017 16:04:54 lagouetl.py[line:104] INFO COPY pageno 56, insert count: 44782 current offset: 56000
Tue, 08 Aug 2017 16:05:22 lagouetl.py[line:104] INFO COPY pageno 57, insert count: 45708 current offset: 57000
Tue, 08 Aug 2017 16:05:51 lagouetl.py[line:104] INFO COPY pageno 58, insert count: 46642 current offset: 58000
Tue, 08 Aug 2017 16:06:18 lagouetl.py[line:104] INFO COPY pageno 59, insert count: 47488 current offset: 59000
Tue, 08 Aug 2017 16:06:47 lagouetl.py[line:104] INFO COPY pageno 60, insert count: 48351 current offset: 60000
Tue, 08 Aug 2017 16:07:15 lagouetl.py[line:104] INFO COPY pageno 61, insert count: 49299 current offset: 61000
Tue, 08 Aug 2017 16:07:43 lagouetl.py[line:104] INFO COPY pageno 62, insert count: 50243 current offset: 62000
Tue, 08 Aug 2017 16:08:11 lagouetl.py[line:104] INFO COPY pageno 63, insert count: 51171 current offset: 63000
Tue, 08 Aug 2017 16:08:39 lagouetl.py[line:104] INFO COPY pageno 64, insert count: 51951 current offset: 64000
Tue, 08 Aug 2017 16:09:08 lagouetl.py[line:104] INFO COPY pageno 65, insert count: 52724 current offset: 65000
Tue, 08 Aug 2017 16:09:35 lagouetl.py[line:104] INFO COPY pageno 66, insert count: 53507 current offset: 66000
Tue, 08 Aug 2017 16:10:03 lagouetl.py[line:104] INFO COPY pageno 67, insert count: 54260 current offset: 67000
Tue, 08 Aug 2017 16:10:31 lagouetl.py[line:104] INFO COPY pageno 68, insert count: 55077 current offset: 68000
Tue, 08 Aug 2017 16:10:59 lagouetl.py[line:104] INFO COPY pageno 69, insert count: 56022 current offset: 69000
Tue, 08 Aug 2017 16:11:29 lagouetl.py[line:104] INFO COPY pageno 70, insert count: 56945 current offset: 70000
Tue, 08 Aug 2017 16:11:57 lagouetl.py[line:104] INFO COPY pageno 71, insert count: 57804 current offset: 71000
Tue, 08 Aug 2017 16:12:27 lagouetl.py[line:104] INFO COPY pageno 72, insert count: 58543 current offset: 72000
Tue, 08 Aug 2017 16:12:55 lagouetl.py[line:104] INFO COPY pageno 73, insert count: 58693 current offset: 73000
Tue, 08 Aug 2017 16:13:23 lagouetl.py[line:104] INFO COPY pageno 74, insert count: 58756 current offset: 74000
Tue, 08 Aug 2017 16:13:52 lagouetl.py[line:104] INFO COPY pageno 75, insert count: 58817 current offset: 75000
Tue, 08 Aug 2017 16:14:22 lagouetl.py[line:104] INFO COPY pageno 76, insert count: 58871 current offset: 76000
Tue, 08 Aug 2017 16:14:50 lagouetl.py[line:104] INFO COPY pageno 77, insert count: 58938 current offset: 77000
Tue, 08 Aug 2017 16:15:18 lagouetl.py[line:104] INFO COPY pageno 78, insert count: 59575 current offset: 78000
Tue, 08 Aug 2017 16:15:47 lagouetl.py[line:104] INFO COPY pageno 79, insert count: 60371 current offset: 79000
Tue, 08 Aug 2017 16:16:15 lagouetl.py[line:104] INFO COPY pageno 80, insert count: 61174 current offset: 80000
Tue, 08 Aug 2017 16:16:42 lagouetl.py[line:104] INFO COPY pageno 81, insert count: 61937 current offset: 81000
Tue, 08 Aug 2017 16:17:10 lagouetl.py[line:104] INFO COPY pageno 82, insert count: 62445 current offset: 82000
Tue, 08 Aug 2017 16:17:38 lagouetl.py[line:104] INFO COPY pageno 83, insert count: 63219 current offset: 83000
Tue, 08 Aug 2017 16:18:05 lagouetl.py[line:104] INFO COPY pageno 84, insert count: 63989 current offset: 84000
Tue, 08 Aug 2017 16:18:33 lagouetl.py[line:104] INFO COPY pageno 85, insert count: 64859 current offset: 85000
Tue, 08 Aug 2017 16:19:01 lagouetl.py[line:104] INFO COPY pageno 86, insert count: 65608 current offset: 86000
Tue, 08 Aug 2017 16:19:29 lagouetl.py[line:104] INFO COPY pageno 87, insert count: 66379 current offset: 87000
Tue, 08 Aug 2017 16:19:58 lagouetl.py[line:104] INFO COPY pageno 88, insert count: 67169 current offset: 88000
Tue, 08 Aug 2017 16:20:28 lagouetl.py[line:104] INFO COPY pageno 89, insert count: 67926 current offset: 89000
Tue, 08 Aug 2017 16:20:56 lagouetl.py[line:104] INFO COPY pageno 90, insert count: 68710 current offset: 90000
Tue, 08 Aug 2017 16:21:24 lagouetl.py[line:104] INFO COPY pageno 91, insert count: 69222 current offset: 91000
Tue, 08 Aug 2017 16:21:54 lagouetl.py[line:104] INFO COPY pageno 92, insert count: 69618 current offset: 92000
Tue, 08 Aug 2017 16:22:22 lagouetl.py[line:104] INFO COPY pageno 93, insert count: 69981 current offset: 93000
Tue, 08 Aug 2017 16:22:52 lagouetl.py[line:104] INFO COPY pageno 94, insert count: 70445 current offset: 94000
Tue, 08 Aug 2017 16:23:20 lagouetl.py[line:104] INFO COPY pageno 95, insert count: 70948 current offset: 95000
Tue, 08 Aug 2017 16:23:49 lagouetl.py[line:104] INFO COPY pageno 96, insert count: 71508 current offset: 96000
Tue, 08 Aug 2017 16:24:18 lagouetl.py[line:104] INFO COPY pageno 97, insert count: 72084 current offset: 97000
Tue, 08 Aug 2017 16:24:50 lagouetl.py[line:104] INFO COPY pageno 98, insert count: 72636 current offset: 98000
Tue, 08 Aug 2017 16:25:19 lagouetl.py[line:104] INFO COPY pageno 99, insert count: 73092 current offset: 99000
Tue, 08 Aug 2017 16:25:48 lagouetl.py[line:104] INFO COPY pageno 100, insert count: 73630 current offset: 100000
Tue, 08 Aug 2017 16:26:17 lagouetl.py[line:104] INFO COPY pageno 101, insert count: 74197 current offset: 101000
Tue, 08 Aug 2017 16:26:46 lagouetl.py[line:104] INFO COPY pageno 102, insert count: 74740 current offset: 102000
Tue, 08 Aug 2017 16:27:15 lagouetl.py[line:104] INFO COPY pageno 103, insert count: 75301 current offset: 103000
Tue, 08 Aug 2017 16:27:43 lagouetl.py[line:104] INFO COPY pageno 104, insert count: 76172 current offset: 104000
Tue, 08 Aug 2017 16:28:12 lagouetl.py[line:104] INFO COPY pageno 105, insert count: 77156 current offset: 105000
Tue, 08 Aug 2017 16:28:40 lagouetl.py[line:104] INFO COPY pageno 106, insert count: 78143 current offset: 106000
Tue, 08 Aug 2017 16:29:08 lagouetl.py[line:104] INFO COPY pageno 107, insert count: 78788 current offset: 107000
Tue, 08 Aug 2017 16:29:36 lagouetl.py[line:104] INFO COPY pageno 108, insert count: 79118 current offset: 108000
Tue, 08 Aug 2017 16:30:03 lagouetl.py[line:104] INFO COPY pageno 109, insert count: 79707 current offset: 109000
Tue, 08 Aug 2017 16:30:34 lagouetl.py[line:104] INFO COPY pageno 110, insert count: 80218 current offset: 110000
Tue, 08 Aug 2017 16:31:04 lagouetl.py[line:104] INFO COPY pageno 111, insert count: 80640 current offset: 111000
Tue, 08 Aug 2017 16:31:35 lagouetl.py[line:104] INFO COPY pageno 112, insert count: 81095 current offset: 112000
Tue, 08 Aug 2017 16:32:06 lagouetl.py[line:104] INFO COPY pageno 113, insert count: 81453 current offset: 113000
Tue, 08 Aug 2017 16:32:39 lagouetl.py[line:104] INFO COPY pageno 114, insert count: 81972 current offset: 114000
Tue, 08 Aug 2017 16:33:12 lagouetl.py[line:104] INFO COPY pageno 115, insert count: 82485 current offset: 115000
Tue, 08 Aug 2017 16:33:42 lagouetl.py[line:104] INFO COPY pageno 116, insert count: 83072 current offset: 116000
Tue, 08 Aug 2017 16:34:11 lagouetl.py[line:104] INFO COPY pageno 117, insert count: 83708 current offset: 117000
Tue, 08 Aug 2017 16:34:40 lagouetl.py[line:104] INFO COPY pageno 118, insert count: 84306 current offset: 118000
Tue, 08 Aug 2017 16:35:08 lagouetl.py[line:104] INFO COPY pageno 119, insert count: 84875 current offset: 119000
Tue, 08 Aug 2017 16:35:35 lagouetl.py[line:104] INFO COPY pageno 120, insert count: 85472 current offset: 120000
Tue, 08 Aug 2017 16:36:03 lagouetl.py[line:104] INFO COPY pageno 121, insert count: 86100 current offset: 121000
Tue, 08 Aug 2017 16:36:31 lagouetl.py[line:104] INFO COPY pageno 122, insert count: 86758 current offset: 122000
Tue, 08 Aug 2017 16:36:59 lagouetl.py[line:104] INFO COPY pageno 123, insert count: 87455 current offset: 123000
Tue, 08 Aug 2017 16:37:27 lagouetl.py[line:104] INFO COPY pageno 124, insert count: 88111 current offset: 124000
Tue, 08 Aug 2017 16:37:55 lagouetl.py[line:104] INFO COPY pageno 125, insert count: 88661 current offset: 125000
Tue, 08 Aug 2017 16:38:23 lagouetl.py[line:104] INFO COPY pageno 126, insert count: 89053 current offset: 126000
Tue, 08 Aug 2017 16:38:51 lagouetl.py[line:104] INFO COPY pageno 127, insert count: 89536 current offset: 127000
Tue, 08 Aug 2017 16:39:19 lagouetl.py[line:104] INFO COPY pageno 128, insert count: 90425 current offset: 128000
Tue, 08 Aug 2017 16:39:46 lagouetl.py[line:104] INFO COPY pageno 129, insert count: 91328 current offset: 129000
Tue, 08 Aug 2017 16:40:14 lagouetl.py[line:104] INFO COPY pageno 130, insert count: 92028 current offset: 130000
Tue, 08 Aug 2017 16:40:42 lagouetl.py[line:104] INFO COPY pageno 131, insert count: 92818 current offset: 131000
Tue, 08 Aug 2017 16:41:11 lagouetl.py[line:104] INFO COPY pageno 132, insert count: 93608 current offset: 132000
Tue, 08 Aug 2017 16:41:39 lagouetl.py[line:104] INFO COPY pageno 133, insert count: 94339 current offset: 133000
Tue, 08 Aug 2017 16:42:08 lagouetl.py[line:104] INFO COPY pageno 134, insert count: 95034 current offset: 134000
Tue, 08 Aug 2017 16:42:37 lagouetl.py[line:104] INFO COPY pageno 135, insert count: 95688 current offset: 135000
Tue, 08 Aug 2017 16:43:06 lagouetl.py[line:104] INFO COPY pageno 136, insert count: 96641 current offset: 136000
Tue, 08 Aug 2017 16:43:34 lagouetl.py[line:104] INFO COPY pageno 137, insert count: 97301 current offset: 137000
Tue, 08 Aug 2017 16:44:03 lagouetl.py[line:104] INFO COPY pageno 138, insert count: 98107 current offset: 138000
Tue, 08 Aug 2017 16:44:33 lagouetl.py[line:104] INFO COPY pageno 139, insert count: 98907 current offset: 139000
Tue, 08 Aug 2017 16:45:02 lagouetl.py[line:104] INFO COPY pageno 140, insert count: 99700 current offset: 140000
Tue, 08 Aug 2017 16:45:30 lagouetl.py[line:104] INFO COPY pageno 141, insert count: 100476 current offset: 141000
Tue, 08 Aug 2017 16:45:59 lagouetl.py[line:104] INFO COPY pageno 142, insert count: 101218 current offset: 142000
Tue, 08 Aug 2017 16:46:27 lagouetl.py[line:104] INFO COPY pageno 143, insert count: 101976 current offset: 143000
Tue, 08 Aug 2017 16:46:57 lagouetl.py[line:104] INFO COPY pageno 144, insert count: 102627 current offset: 144000
Tue, 08 Aug 2017 16:47:26 lagouetl.py[line:104] INFO COPY pageno 145, insert count: 102904 current offset: 145000
Tue, 08 Aug 2017 16:47:55 lagouetl.py[line:104] INFO COPY pageno 146, insert count: 102968 current offset: 146000
Tue, 08 Aug 2017 16:48:24 lagouetl.py[line:104] INFO COPY pageno 147, insert count: 103081 current offset: 147000
Tue, 08 Aug 2017 16:48:53 lagouetl.py[line:104] INFO COPY pageno 148, insert count: 103301 current offset: 148000
Tue, 08 Aug 2017 16:49:22 lagouetl.py[line:104] INFO COPY pageno 149, insert count: 103691 current offset: 149000
Tue, 08 Aug 2017 16:49:51 lagouetl.py[line:104] INFO COPY pageno 150, insert count: 104364 current offset: 150000
Tue, 08 Aug 2017 16:50:19 lagouetl.py[line:104] INFO COPY pageno 151, insert count: 105034 current offset: 151000
Tue, 08 Aug 2017 16:50:49 lagouetl.py[line:104] INFO COPY pageno 152, insert count: 105682 current offset: 152000
Tue, 08 Aug 2017 16:51:17 lagouetl.py[line:104] INFO COPY pageno 153, insert count: 106298 current offset: 153000
Tue, 08 Aug 2017 16:51:48 lagouetl.py[line:104] INFO COPY pageno 154, insert count: 106952 current offset: 154000
Tue, 08 Aug 2017 16:52:17 lagouetl.py[line:104] INFO COPY pageno 155, insert count: 107626 current offset: 155000
Tue, 08 Aug 2017 16:52:45 lagouetl.py[line:104] INFO COPY pageno 156, insert count: 108377 current offset: 156000
Tue, 08 Aug 2017 16:53:13 lagouetl.py[line:104] INFO COPY pageno 157, insert count: 109049 current offset: 157000
Tue, 08 Aug 2017 16:53:41 lagouetl.py[line:104] INFO COPY pageno 158, insert count: 109437 current offset: 158000
Tue, 08 Aug 2017 16:54:10 lagouetl.py[line:104] INFO COPY pageno 159, insert count: 109728 current offset: 159000
Tue, 08 Aug 2017 16:54:37 lagouetl.py[line:104] INFO COPY pageno 160, insert count: 109997 current offset: 160000
Tue, 08 Aug 2017 16:55:05 lagouetl.py[line:104] INFO COPY pageno 161, insert count: 110355 current offset: 161000
Tue, 08 Aug 2017 16:55:34 lagouetl.py[line:104] INFO COPY pageno 162, insert count: 110628 current offset: 162000
Tue, 08 Aug 2017 16:56:02 lagouetl.py[line:104] INFO COPY pageno 163, insert count: 110941 current offset: 163000
Tue, 08 Aug 2017 16:56:32 lagouetl.py[line:104] INFO COPY pageno 164, insert count: 111298 current offset: 164000
Tue, 08 Aug 2017 16:56:59 lagouetl.py[line:104] INFO COPY pageno 165, insert count: 111647 current offset: 165000
Tue, 08 Aug 2017 16:57:28 lagouetl.py[line:104] INFO COPY pageno 166, insert count: 111989 current offset: 166000
Tue, 08 Aug 2017 16:57:56 lagouetl.py[line:104] INFO COPY pageno 167, insert count: 112364 current offset: 167000
Tue, 08 Aug 2017 16:58:25 lagouetl.py[line:104] INFO COPY pageno 168, insert count: 112698 current offset: 168000
Tue, 08 Aug 2017 16:58:53 lagouetl.py[line:104] INFO COPY pageno 169, insert count: 112991 current offset: 169000
Tue, 08 Aug 2017 16:59:22 lagouetl.py[line:104] INFO COPY pageno 170, insert count: 113306 current offset: 170000
Tue, 08 Aug 2017 16:59:51 lagouetl.py[line:104] INFO COPY pageno 171, insert count: 113624 current offset: 171000
Tue, 08 Aug 2017 17:00:20 lagouetl.py[line:104] INFO COPY pageno 172, insert count: 113945 current offset: 172000
Tue, 08 Aug 2017 17:00:48 lagouetl.py[line:104] INFO COPY pageno 173, insert count: 114188 current offset: 173000
Tue, 08 Aug 2017 17:01:17 lagouetl.py[line:104] INFO COPY pageno 174, insert count: 114602 current offset: 174000
Tue, 08 Aug 2017 17:01:47 lagouetl.py[line:104] INFO COPY pageno 175, insert count: 115385 current offset: 175000
Tue, 08 Aug 2017 17:02:16 lagouetl.py[line:104] INFO COPY pageno 176, insert count: 116326 current offset: 176000
Tue, 08 Aug 2017 17:02:45 lagouetl.py[line:104] INFO COPY pageno 177, insert count: 116970 current offset: 177000
Tue, 08 Aug 2017 17:03:13 lagouetl.py[line:104] INFO COPY pageno 178, insert count: 117744 current offset: 178000
Tue, 08 Aug 2017 17:03:42 lagouetl.py[line:104] INFO COPY pageno 179, insert count: 117791 current offset: 179000
Tue, 08 Aug 2017 17:04:11 lagouetl.py[line:104] INFO COPY pageno 180, insert count: 117831 current offset: 180000
Tue, 08 Aug 2017 17:04:40 lagouetl.py[line:104] INFO COPY pageno 181, insert count: 117858 current offset: 181000
Tue, 08 Aug 2017 17:05:09 lagouetl.py[line:104] INFO COPY pageno 182, insert count: 117895 current offset: 182000
Tue, 08 Aug 2017 17:05:37 lagouetl.py[line:104] INFO COPY pageno 183, insert count: 117925 current offset: 183000
Tue, 08 Aug 2017 17:06:08 lagouetl.py[line:104] INFO COPY pageno 184, insert count: 117951 current offset: 184000
Tue, 08 Aug 2017 17:06:37 lagouetl.py[line:104] INFO COPY pageno 185, insert count: 117984 current offset: 185000
Tue, 08 Aug 2017 17:07:06 lagouetl.py[line:104] INFO COPY pageno 186, insert count: 118016 current offset: 186000
Tue, 08 Aug 2017 17:07:35 lagouetl.py[line:104] INFO COPY pageno 187, insert count: 118074 current offset: 187000
Tue, 08 Aug 2017 17:08:04 lagouetl.py[line:104] INFO COPY pageno 188, insert count: 118344 current offset: 188000
Tue, 08 Aug 2017 17:08:40 lagouetl.py[line:104] INFO COPY pageno 189, insert count: 118670 current offset: 189000
Tue, 08 Aug 2017 17:09:13 lagouetl.py[line:104] INFO COPY pageno 190, insert count: 119109 current offset: 190000
Tue, 08 Aug 2017 17:09:42 lagouetl.py[line:104] INFO COPY pageno 191, insert count: 119503 current offset: 191000
Tue, 08 Aug 2017 17:10:10 lagouetl.py[line:104] INFO COPY pageno 192, insert count: 119761 current offset: 192000
Tue, 08 Aug 2017 17:10:39 lagouetl.py[line:104] INFO COPY pageno 193, insert count: 120016 current offset: 193000
Tue, 08 Aug 2017 17:11:08 lagouetl.py[line:104] INFO COPY pageno 194, insert count: 120207 current offset: 194000
Tue, 08 Aug 2017 17:11:38 lagouetl.py[line:104] INFO COPY pageno 195, insert count: 120471 current offset: 195000
Tue, 08 Aug 2017 17:12:07 lagouetl.py[line:104] INFO COPY pageno 196, insert count: 120767 current offset: 196000
Tue, 08 Aug 2017 17:12:37 lagouetl.py[line:104] INFO COPY pageno 197, insert count: 121024 current offset: 197000
Tue, 08 Aug 2017 17:13:07 lagouetl.py[line:104] INFO COPY pageno 198, insert count: 121334 current offset: 198000
Tue, 08 Aug 2017 17:13:36 lagouetl.py[line:104] INFO COPY pageno 199, insert count: 121607 current offset: 199000
Tue, 08 Aug 2017 17:14:04 lagouetl.py[line:104] INFO COPY pageno 200, insert count: 121915 current offset: 200000
Tue, 08 Aug 2017 17:14:32 lagouetl.py[line:104] INFO COPY pageno 201, insert count: 122231 current offset: 201000
Tue, 08 Aug 2017 17:15:02 lagouetl.py[line:104] INFO COPY pageno 202, insert count: 122482 current offset: 202000
Tue, 08 Aug 2017 17:15:31 lagouetl.py[line:104] INFO COPY pageno 203, insert count: 122832 current offset: 203000
Tue, 08 Aug 2017 17:15:59 lagouetl.py[line:104] INFO COPY pageno 204, insert count: 123107 current offset: 204000
Tue, 08 Aug 2017 17:16:30 lagouetl.py[line:104] INFO COPY pageno 205, insert count: 123401 current offset: 205000
Tue, 08 Aug 2017 17:16:59 lagouetl.py[line:104] INFO COPY pageno 206, insert count: 123952 current offset: 206000
Tue, 08 Aug 2017 17:17:28 lagouetl.py[line:104] INFO COPY pageno 207, insert count: 124616 current offset: 207000
Tue, 08 Aug 2017 17:17:57 lagouetl.py[line:104] INFO COPY pageno 208, insert count: 125227 current offset: 208000
Tue, 08 Aug 2017 17:18:26 lagouetl.py[line:104] INFO COPY pageno 209, insert count: 125908 current offset: 209000
Tue, 08 Aug 2017 17:18:56 lagouetl.py[line:104] INFO COPY pageno 210, insert count: 126574 current offset: 210000
Tue, 08 Aug 2017 17:19:25 lagouetl.py[line:104] INFO COPY pageno 211, insert count: 127121 current offset: 211000
Tue, 08 Aug 2017 17:19:53 lagouetl.py[line:104] INFO COPY pageno 212, insert count: 127712 current offset: 212000
Tue, 08 Aug 2017 17:20:22 lagouetl.py[line:104] INFO COPY pageno 213, insert count: 128359 current offset: 213000
Tue, 08 Aug 2017 17:20:50 lagouetl.py[line:104] INFO COPY pageno 214, insert count: 129028 current offset: 214000
Tue, 08 Aug 2017 17:21:19 lagouetl.py[line:104] INFO COPY pageno 215, insert count: 129675 current offset: 215000
Tue, 08 Aug 2017 17:21:47 lagouetl.py[line:104] INFO COPY pageno 216, insert count: 130300 current offset: 216000
Tue, 08 Aug 2017 17:22:15 lagouetl.py[line:104] INFO COPY pageno 217, insert count: 130883 current offset: 217000
Tue, 08 Aug 2017 17:22:44 lagouetl.py[line:104] INFO COPY pageno 218, insert count: 131466 current offset: 218000
Tue, 08 Aug 2017 17:23:13 lagouetl.py[line:104] INFO COPY pageno 219, insert count: 132143 current offset: 219000
Tue, 08 Aug 2017 17:23:41 lagouetl.py[line:104] INFO COPY pageno 220, insert count: 132834 current offset: 220000
Tue, 08 Aug 2017 17:24:09 lagouetl.py[line:104] INFO COPY pageno 221, insert count: 133477 current offset: 221000
Tue, 08 Aug 2017 17:24:38 lagouetl.py[line:104] INFO COPY pageno 222, insert count: 134039 current offset: 222000
Tue, 08 Aug 2017 17:25:07 lagouetl.py[line:104] INFO COPY pageno 223, insert count: 134685 current offset: 223000
Tue, 08 Aug 2017 17:25:36 lagouetl.py[line:104] INFO COPY pageno 224, insert count: 135319 current offset: 224000
Tue, 08 Aug 2017 17:26:05 lagouetl.py[line:104] INFO COPY pageno 225, insert count: 135954 current offset: 225000
Tue, 08 Aug 2017 17:26:33 lagouetl.py[line:104] INFO COPY pageno 226, insert count: 136581 current offset: 226000
Tue, 08 Aug 2017 17:27:02 lagouetl.py[line:104] INFO COPY pageno 227, insert count: 137249 current offset: 227000
Tue, 08 Aug 2017 17:27:31 lagouetl.py[line:104] INFO COPY pageno 228, insert count: 137885 current offset: 228000
Tue, 08 Aug 2017 17:28:00 lagouetl.py[line:104] INFO COPY pageno 229, insert count: 138442 current offset: 229000
Tue, 08 Aug 2017 17:28:30 lagouetl.py[line:104] INFO COPY pageno 230, insert count: 139058 current offset: 230000
Tue, 08 Aug 2017 17:28:58 lagouetl.py[line:104] INFO COPY pageno 231, insert count: 139795 current offset: 231000
Tue, 08 Aug 2017 17:29:26 lagouetl.py[line:104] INFO COPY pageno 232, insert count: 140531 current offset: 232000
Tue, 08 Aug 2017 17:29:56 lagouetl.py[line:104] INFO COPY pageno 233, insert count: 141297 current offset: 233000
Tue, 08 Aug 2017 17:30:24 lagouetl.py[line:104] INFO COPY pageno 234, insert count: 142005 current offset: 234000
Tue, 08 Aug 2017 17:30:52 lagouetl.py[line:104] INFO COPY pageno 235, insert count: 142726 current offset: 235000
Tue, 08 Aug 2017 17:31:20 lagouetl.py[line:104] INFO COPY pageno 236, insert count: 143427 current offset: 236000
Tue, 08 Aug 2017 17:31:48 lagouetl.py[line:104] INFO COPY pageno 237, insert count: 144153 current offset: 237000
Tue, 08 Aug 2017 17:32:18 lagouetl.py[line:104] INFO COPY pageno 238, insert count: 144848 current offset: 238000
Tue, 08 Aug 2017 17:32:47 lagouetl.py[line:104] INFO COPY pageno 239, insert count: 145601 current offset: 239000
Tue, 08 Aug 2017 17:33:15 lagouetl.py[line:104] INFO COPY pageno 240, insert count: 146303 current offset: 240000
Tue, 08 Aug 2017 17:33:42 lagouetl.py[line:104] INFO COPY pageno 241, insert count: 147034 current offset: 241000
Tue, 08 Aug 2017 17:34:10 lagouetl.py[line:104] INFO COPY pageno 242, insert count: 147786 current offset: 242000
Tue, 08 Aug 2017 17:34:39 lagouetl.py[line:104] INFO COPY pageno 243, insert count: 148504 current offset: 243000
Tue, 08 Aug 2017 17:35:07 lagouetl.py[line:104] INFO COPY pageno 244, insert count: 149201 current offset: 244000
Tue, 08 Aug 2017 17:35:35 lagouetl.py[line:104] INFO COPY pageno 245, insert count: 149904 current offset: 245000
Tue, 08 Aug 2017 17:36:04 lagouetl.py[line:104] INFO COPY pageno 246, insert count: 150604 current offset: 246000
Tue, 08 Aug 2017 17:36:32 lagouetl.py[line:104] INFO COPY pageno 247, insert count: 151344 current offset: 247000
Tue, 08 Aug 2017 17:37:01 lagouetl.py[line:104] INFO COPY pageno 248, insert count: 151958 current offset: 248000
Tue, 08 Aug 2017 17:37:31 lagouetl.py[line:104] INFO COPY pageno 249, insert count: 152506 current offset: 249000
Tue, 08 Aug 2017 17:38:00 lagouetl.py[line:104] INFO COPY pageno 250, insert count: 153174 current offset: 250000
Tue, 08 Aug 2017 17:38:28 lagouetl.py[line:104] INFO COPY pageno 251, insert count: 153809 current offset: 251000
Tue, 08 Aug 2017 17:38:56 lagouetl.py[line:104] INFO COPY pageno 252, insert count: 154437 current offset: 252000
Tue, 08 Aug 2017 17:39:25 lagouetl.py[line:104] INFO COPY pageno 253, insert count: 155110 current offset: 253000
Tue, 08 Aug 2017 17:39:52 lagouetl.py[line:104] INFO COPY pageno 254, insert count: 155736 current offset: 254000
Tue, 08 Aug 2017 17:40:21 lagouetl.py[line:104] INFO COPY pageno 255, insert count: 156246 current offset: 255000
Tue, 08 Aug 2017 17:40:51 lagouetl.py[line:104] INFO COPY pageno 256, insert count: 156745 current offset: 256000
Tue, 08 Aug 2017 17:41:18 lagouetl.py[line:104] INFO COPY pageno 257, insert count: 157264 current offset: 257000
Tue, 08 Aug 2017 17:41:47 lagouetl.py[line:104] INFO COPY pageno 258, insert count: 157778 current offset: 258000
Tue, 08 Aug 2017 17:42:17 lagouetl.py[line:104] INFO COPY pageno 259, insert count: 158292 current offset: 259000
Tue, 08 Aug 2017 17:42:46 lagouetl.py[line:104] INFO COPY pageno 260, insert count: 158752 current offset: 260000
Tue, 08 Aug 2017 17:43:14 lagouetl.py[line:104] INFO COPY pageno 261, insert count: 159347 current offset: 261000
Tue, 08 Aug 2017 17:43:42 lagouetl.py[line:104] INFO COPY pageno 262, insert count: 160004 current offset: 262000
Tue, 08 Aug 2017 17:44:10 lagouetl.py[line:104] INFO COPY pageno 263, insert count: 160644 current offset: 263000
Tue, 08 Aug 2017 17:44:38 lagouetl.py[line:104] INFO COPY pageno 264, insert count: 161418 current offset: 264000
Tue, 08 Aug 2017 17:45:06 lagouetl.py[line:104] INFO COPY pageno 265, insert count: 162360 current offset: 265000
Tue, 08 Aug 2017 17:45:34 lagouetl.py[line:104] INFO COPY pageno 266, insert count: 163053 current offset: 266000
Tue, 08 Aug 2017 17:46:03 lagouetl.py[line:104] INFO COPY pageno 267, insert count: 163746 current offset: 267000
Tue, 08 Aug 2017 17:46:31 lagouetl.py[line:104] INFO COPY pageno 268, insert count: 164386 current offset: 268000
Tue, 08 Aug 2017 17:47:00 lagouetl.py[line:104] INFO COPY pageno 269, insert count: 165064 current offset: 269000
Tue, 08 Aug 2017 17:47:28 lagouetl.py[line:104] INFO COPY pageno 270, insert count: 165773 current offset: 270000
Tue, 08 Aug 2017 17:47:55 lagouetl.py[line:104] INFO COPY pageno 271, insert count: 166452 current offset: 271000
Tue, 08 Aug 2017 17:48:23 lagouetl.py[line:104] INFO COPY pageno 272, insert count: 166864 current offset: 272000
Tue, 08 Aug 2017 17:48:53 lagouetl.py[line:104] INFO COPY pageno 273, insert count: 167046 current offset: 273000
Tue, 08 Aug 2017 17:49:25 lagouetl.py[line:104] INFO COPY pageno 274, insert count: 167257 current offset: 274000
Tue, 08 Aug 2017 17:49:56 lagouetl.py[line:104] INFO COPY pageno 275, insert count: 167433 current offset: 275000
Tue, 08 Aug 2017 17:50:28 lagouetl.py[line:104] INFO COPY pageno 276, insert count: 167663 current offset: 276000
Tue, 08 Aug 2017 17:51:03 lagouetl.py[line:104] INFO COPY pageno 277, insert count: 167877 current offset: 277000
Tue, 08 Aug 2017 17:51:31 lagouetl.py[line:104] INFO COPY pageno 278, insert count: 168142 current offset: 278000
Tue, 08 Aug 2017 17:52:01 lagouetl.py[line:104] INFO COPY pageno 279, insert count: 168386 current offset: 279000
Tue, 08 Aug 2017 17:52:29 lagouetl.py[line:104] INFO COPY pageno 280, insert count: 168658 current offset: 280000
Tue, 08 Aug 2017 17:52:57 lagouetl.py[line:104] INFO COPY pageno 281, insert count: 168928 current offset: 281000
Tue, 08 Aug 2017 17:53:26 lagouetl.py[line:104] INFO COPY pageno 282, insert count: 169167 current offset: 282000
Tue, 08 Aug 2017 17:53:55 lagouetl.py[line:104] INFO COPY pageno 283, insert count: 169406 current offset: 283000
Tue, 08 Aug 2017 17:54:25 lagouetl.py[line:104] INFO COPY pageno 284, insert count: 169638 current offset: 284000
Tue, 08 Aug 2017 17:54:53 lagouetl.py[line:104] INFO COPY pageno 285, insert count: 169872 current offset: 285000
Tue, 08 Aug 2017 17:55:22 lagouetl.py[line:104] INFO COPY pageno 286, insert count: 170204 current offset: 286000
Tue, 08 Aug 2017 17:55:52 lagouetl.py[line:104] INFO COPY pageno 287, insert count: 170807 current offset: 287000
Tue, 08 Aug 2017 17:56:20 lagouetl.py[line:104] INFO COPY pageno 288, insert count: 171438 current offset: 288000
Tue, 08 Aug 2017 17:56:50 lagouetl.py[line:104] INFO COPY pageno 289, insert count: 172032 current offset: 289000
Tue, 08 Aug 2017 17:57:18 lagouetl.py[line:104] INFO COPY pageno 290, insert count: 172597 current offset: 290000
Tue, 08 Aug 2017 17:57:47 lagouetl.py[line:104] INFO COPY pageno 291, insert count: 173173 current offset: 291000
Tue, 08 Aug 2017 17:58:16 lagouetl.py[line:104] INFO COPY pageno 292, insert count: 173744 current offset: 292000
Tue, 08 Aug 2017 17:58:45 lagouetl.py[line:104] INFO COPY pageno 293, insert count: 173963 current offset: 293000
Tue, 08 Aug 2017 17:59:13 lagouetl.py[line:104] INFO COPY pageno 294, insert count: 174194 current offset: 294000
Tue, 08 Aug 2017 17:59:42 lagouetl.py[line:104] INFO COPY pageno 295, insert count: 174409 current offset: 295000
Tue, 08 Aug 2017 18:00:10 lagouetl.py[line:104] INFO COPY pageno 296, insert count: 174651 current offset: 296000
Tue, 08 Aug 2017 18:00:40 lagouetl.py[line:104] INFO COPY pageno 297, insert count: 174875 current offset: 297000
Tue, 08 Aug 2017 18:01:10 lagouetl.py[line:104] INFO COPY pageno 298, insert count: 175073 current offset: 298000
Tue, 08 Aug 2017 18:01:40 lagouetl.py[line:104] INFO COPY pageno 299, insert count: 175302 current offset: 299000
Tue, 08 Aug 2017 18:02:11 lagouetl.py[line:104] INFO COPY pageno 300, insert count: 175522 current offset: 300000
Tue, 08 Aug 2017 18:02:42 lagouetl.py[line:104] INFO COPY pageno 301, insert count: 175745 current offset: 301000
Tue, 08 Aug 2017 18:03:11 lagouetl.py[line:104] INFO COPY pageno 302, insert count: 175965 current offset: 302000
Tue, 08 Aug 2017 18:03:40 lagouetl.py[line:104] INFO COPY pageno 303, insert count: 176162 current offset: 303000
Tue, 08 Aug 2017 18:04:13 lagouetl.py[line:104] INFO COPY pageno 304, insert count: 176412 current offset: 304000
Tue, 08 Aug 2017 18:04:42 lagouetl.py[line:104] INFO COPY pageno 305, insert count: 176621 current offset: 305000
Tue, 08 Aug 2017 18:05:12 lagouetl.py[line:104] INFO COPY pageno 306, insert count: 176852 current offset: 306000
Tue, 08 Aug 2017 18:05:41 lagouetl.py[line:104] INFO COPY pageno 307, insert count: 177096 current offset: 307000
Tue, 08 Aug 2017 18:06:11 lagouetl.py[line:104] INFO COPY pageno 308, insert count: 177315 current offset: 308000
Tue, 08 Aug 2017 18:06:41 lagouetl.py[line:104] INFO COPY pageno 309, insert count: 177370 current offset: 309000
Tue, 08 Aug 2017 18:07:13 lagouetl.py[line:104] INFO COPY pageno 310, insert count: 177401 current offset: 310000
Tue, 08 Aug 2017 18:07:43 lagouetl.py[line:104] INFO COPY pageno 311, insert count: 177416 current offset: 311000
Tue, 08 Aug 2017 18:08:13 lagouetl.py[line:104] INFO COPY pageno 312, insert count: 177515 current offset: 312000
Tue, 08 Aug 2017 18:08:41 lagouetl.py[line:104] INFO COPY pageno 313, insert count: 177742 current offset: 313000
Tue, 08 Aug 2017 18:09:10 lagouetl.py[line:104] INFO COPY pageno 314, insert count: 178015 current offset: 314000
Tue, 08 Aug 2017 18:09:39 lagouetl.py[line:104] INFO COPY pageno 315, insert count: 178184 current offset: 315000
Tue, 08 Aug 2017 18:10:08 lagouetl.py[line:104] INFO COPY pageno 316, insert count: 178342 current offset: 316000
Tue, 08 Aug 2017 18:10:37 lagouetl.py[line:104] INFO COPY pageno 317, insert count: 178531 current offset: 317000
Tue, 08 Aug 2017 18:11:05 lagouetl.py[line:104] INFO COPY pageno 318, insert count: 178711 current offset: 318000
Tue, 08 Aug 2017 18:11:35 lagouetl.py[line:104] INFO COPY pageno 319, insert count: 178858 current offset: 319000
Tue, 08 Aug 2017 18:12:04 lagouetl.py[line:104] INFO COPY pageno 320, insert count: 179046 current offset: 320000
Tue, 08 Aug 2017 18:12:32 lagouetl.py[line:104] INFO COPY pageno 321, insert count: 179232 current offset: 321000
Tue, 08 Aug 2017 18:13:01 lagouetl.py[line:104] INFO COPY pageno 322, insert count: 179443 current offset: 322000
Tue, 08 Aug 2017 18:13:30 lagouetl.py[line:104] INFO COPY pageno 323, insert count: 179928 current offset: 323000
Tue, 08 Aug 2017 18:13:59 lagouetl.py[line:104] INFO COPY pageno 324, insert count: 180327 current offset: 324000
Tue, 08 Aug 2017 18:14:28 lagouetl.py[line:104] INFO COPY pageno 325, insert count: 180729 current offset: 325000
Tue, 08 Aug 2017 18:14:57 lagouetl.py[line:104] INFO COPY pageno 326, insert count: 180927 current offset: 326000
Tue, 08 Aug 2017 18:15:29 lagouetl.py[line:104] INFO COPY pageno 327, insert count: 181135 current offset: 327000
Tue, 08 Aug 2017 18:15:57 lagouetl.py[line:104] INFO COPY pageno 328, insert count: 181323 current offset: 328000
Tue, 08 Aug 2017 18:16:28 lagouetl.py[line:104] INFO COPY pageno 329, insert count: 181494 current offset: 329000
Tue, 08 Aug 2017 18:16:55 lagouetl.py[line:104] INFO COPY pageno 330, insert count: 181698 current offset: 330000
Tue, 08 Aug 2017 18:17:23 lagouetl.py[line:104] INFO COPY pageno 331, insert count: 182131 current offset: 331000
Tue, 08 Aug 2017 18:17:51 lagouetl.py[line:104] INFO COPY pageno 332, insert count: 182698 current offset: 332000
Tue, 08 Aug 2017 18:18:19 lagouetl.py[line:104] INFO COPY pageno 333, insert count: 183144 current offset: 333000
Tue, 08 Aug 2017 18:18:48 lagouetl.py[line:104] INFO COPY pageno 334, insert count: 183669 current offset: 334000
Tue, 08 Aug 2017 18:19:16 lagouetl.py[line:104] INFO COPY pageno 335, insert count: 184210 current offset: 335000
Tue, 08 Aug 2017 18:19:43 lagouetl.py[line:104] INFO COPY pageno 336, insert count: 184731 current offset: 336000
Tue, 08 Aug 2017 18:20:11 lagouetl.py[line:104] INFO COPY pageno 337, insert count: 185234 current offset: 337000
Tue, 08 Aug 2017 18:20:39 lagouetl.py[line:104] INFO COPY pageno 338, insert count: 185786 current offset: 338000
Tue, 08 Aug 2017 18:21:08 lagouetl.py[line:104] INFO COPY pageno 339, insert count: 186278 current offset: 339000
Tue, 08 Aug 2017 18:21:37 lagouetl.py[line:104] INFO COPY pageno 340, insert count: 186835 current offset: 340000
Tue, 08 Aug 2017 18:22:05 lagouetl.py[line:104] INFO COPY pageno 341, insert count: 187415 current offset: 341000
Tue, 08 Aug 2017 18:22:32 lagouetl.py[line:104] INFO COPY pageno 342, insert count: 187980 current offset: 342000
Tue, 08 Aug 2017 18:23:00 lagouetl.py[line:104] INFO COPY pageno 343, insert count: 188533 current offset: 343000
Tue, 08 Aug 2017 18:23:29 lagouetl.py[line:104] INFO COPY pageno 344, insert count: 188919 current offset: 344000
Tue, 08 Aug 2017 18:23:59 lagouetl.py[line:104] INFO COPY pageno 345, insert count: 189268 current offset: 345000
Tue, 08 Aug 2017 18:24:26 lagouetl.py[line:104] INFO COPY pageno 346, insert count: 189616 current offset: 346000
Tue, 08 Aug 2017 18:25:10 lagouetl.py[line:104] INFO COPY pageno 347, insert count: 189948 current offset: 347000
Tue, 08 Aug 2017 18:25:38 lagouetl.py[line:104] INFO COPY pageno 348, insert count: 190284 current offset: 348000
Tue, 08 Aug 2017 18:26:05 lagouetl.py[line:104] INFO COPY pageno 349, insert count: 190836 current offset: 349000
Tue, 08 Aug 2017 18:26:34 lagouetl.py[line:104] INFO COPY pageno 350, insert count: 191607 current offset: 350000
Tue, 08 Aug 2017 18:27:02 lagouetl.py[line:104] INFO COPY pageno 351, insert count: 192386 current offset: 351000
Tue, 08 Aug 2017 18:27:31 lagouetl.py[line:104] INFO COPY pageno 352, insert count: 193129 current offset: 352000
Tue, 08 Aug 2017 18:27:58 lagouetl.py[line:104] INFO COPY pageno 353, insert count: 193914 current offset: 353000
Tue, 08 Aug 2017 18:28:26 lagouetl.py[line:104] INFO COPY pageno 354, insert count: 194580 current offset: 354000
Tue, 08 Aug 2017 18:28:54 lagouetl.py[line:104] INFO COPY pageno 355, insert count: 195284 current offset: 355000
Tue, 08 Aug 2017 18:29:22 lagouetl.py[line:104] INFO COPY pageno 356, insert count: 196107 current offset: 356000
Tue, 08 Aug 2017 18:29:49 lagouetl.py[line:104] INFO COPY pageno 357, insert count: 196683 current offset: 357000
Tue, 08 Aug 2017 18:30:17 lagouetl.py[line:104] INFO COPY pageno 358, insert count: 197434 current offset: 358000
Tue, 08 Aug 2017 18:30:45 lagouetl.py[line:104] INFO COPY pageno 359, insert count: 198165 current offset: 359000
Tue, 08 Aug 2017 18:31:13 lagouetl.py[line:104] INFO COPY pageno 360, insert count: 198904 current offset: 360000
Tue, 08 Aug 2017 18:31:42 lagouetl.py[line:104] INFO COPY pageno 361, insert count: 199485 current offset: 361000
Tue, 08 Aug 2017 18:32:10 lagouetl.py[line:104] INFO COPY pageno 362, insert count: 200122 current offset: 362000
Tue, 08 Aug 2017 18:32:38 lagouetl.py[line:104] INFO COPY pageno 363, insert count: 200713 current offset: 363000
Tue, 08 Aug 2017 18:33:06 lagouetl.py[line:104] INFO COPY pageno 364, insert count: 201314 current offset: 364000
Tue, 08 Aug 2017 18:33:35 lagouetl.py[line:104] INFO COPY pageno 365, insert count: 202164 current offset: 365000
Tue, 08 Aug 2017 18:34:06 lagouetl.py[line:104] INFO COPY pageno 366, insert count: 202984 current offset: 366000
Tue, 08 Aug 2017 18:34:35 lagouetl.py[line:104] INFO COPY pageno 367, insert count: 203839 current offset: 367000
Tue, 08 Aug 2017 18:35:03 lagouetl.py[line:104] INFO COPY pageno 368, insert count: 204668 current offset: 368000
Tue, 08 Aug 2017 18:35:31 lagouetl.py[line:104] INFO COPY pageno 369, insert count: 205345 current offset: 369000
Tue, 08 Aug 2017 18:36:05 lagouetl.py[line:104] INFO COPY pageno 370, insert count: 206048 current offset: 370000
Tue, 08 Aug 2017 18:36:33 lagouetl.py[line:104] INFO COPY pageno 371, insert count: 206738 current offset: 371000
Tue, 08 Aug 2017 18:37:01 lagouetl.py[line:104] INFO COPY pageno 372, insert count: 207412 current offset: 372000
Tue, 08 Aug 2017 18:37:30 lagouetl.py[line:104] INFO COPY pageno 373, insert count: 208065 current offset: 373000
Tue, 08 Aug 2017 18:37:58 lagouetl.py[line:104] INFO COPY pageno 374, insert count: 208731 current offset: 374000
Tue, 08 Aug 2017 18:38:26 lagouetl.py[line:104] INFO COPY pageno 375, insert count: 209372 current offset: 375000
Tue, 08 Aug 2017 18:38:54 lagouetl.py[line:104] INFO COPY pageno 376, insert count: 210031 current offset: 376000
Tue, 08 Aug 2017 18:39:21 lagouetl.py[line:104] INFO COPY pageno 377, insert count: 210697 current offset: 377000
Tue, 08 Aug 2017 18:39:50 lagouetl.py[line:104] INFO COPY pageno 378, insert count: 211370 current offset: 378000
Tue, 08 Aug 2017 18:40:17 lagouetl.py[line:104] INFO COPY pageno 379, insert count: 212105 current offset: 379000
Tue, 08 Aug 2017 18:40:46 lagouetl.py[line:104] INFO COPY pageno 380, insert count: 212902 current offset: 380000
Tue, 08 Aug 2017 18:41:14 lagouetl.py[line:104] INFO COPY pageno 381, insert count: 213773 current offset: 381000
Tue, 08 Aug 2017 18:41:42 lagouetl.py[line:104] INFO COPY pageno 382, insert count: 214665 current offset: 382000
Tue, 08 Aug 2017 18:42:09 lagouetl.py[line:104] INFO COPY pageno 383, insert count: 215543 current offset: 383000
Tue, 08 Aug 2017 18:42:37 lagouetl.py[line:104] INFO COPY pageno 384, insert count: 216382 current offset: 384000
Tue, 08 Aug 2017 18:43:05 lagouetl.py[line:104] INFO COPY pageno 385, insert count: 217188 current offset: 385000
Tue, 08 Aug 2017 18:43:32 lagouetl.py[line:104] INFO COPY pageno 386, insert count: 217901 current offset: 386000
Tue, 08 Aug 2017 18:44:00 lagouetl.py[line:104] INFO COPY pageno 387, insert count: 218637 current offset: 387000
Tue, 08 Aug 2017 18:44:28 lagouetl.py[line:104] INFO COPY pageno 388, insert count: 219417 current offset: 388000
Tue, 08 Aug 2017 18:44:56 lagouetl.py[line:104] INFO COPY pageno 389, insert count: 220150 current offset: 389000
Tue, 08 Aug 2017 18:45:24 lagouetl.py[line:104] INFO COPY pageno 390, insert count: 220975 current offset: 390000
Tue, 08 Aug 2017 18:45:51 lagouetl.py[line:104] INFO COPY pageno 391, insert count: 221855 current offset: 391000
Tue, 08 Aug 2017 18:46:20 lagouetl.py[line:104] INFO COPY pageno 392, insert count: 222749 current offset: 392000
Tue, 08 Aug 2017 18:46:47 lagouetl.py[line:104] INFO COPY pageno 393, insert count: 223644 current offset: 393000
Tue, 08 Aug 2017 18:47:14 lagouetl.py[line:104] INFO COPY pageno 394, insert count: 224507 current offset: 394000
Tue, 08 Aug 2017 18:47:41 lagouetl.py[line:104] INFO COPY pageno 395, insert count: 225403 current offset: 395000
Tue, 08 Aug 2017 18:48:09 lagouetl.py[line:104] INFO COPY pageno 396, insert count: 226314 current offset: 396000
Tue, 08 Aug 2017 18:48:37 lagouetl.py[line:104] INFO COPY pageno 397, insert count: 227230 current offset: 397000
Tue, 08 Aug 2017 18:49:04 lagouetl.py[line:104] INFO COPY pageno 398, insert count: 228142 current offset: 398000
Tue, 08 Aug 2017 18:49:31 lagouetl.py[line:104] INFO COPY pageno 399, insert count: 229053 current offset: 399000
Tue, 08 Aug 2017 18:49:59 lagouetl.py[line:104] INFO COPY pageno 400, insert count: 229984 current offset: 400000
Tue, 08 Aug 2017 18:50:29 lagouetl.py[line:104] INFO COPY pageno 401, insert count: 230981 current offset: 401000
Tue, 08 Aug 2017 18:50:57 lagouetl.py[line:104] INFO COPY pageno 402, insert count: 231977 current offset: 402000
Tue, 08 Aug 2017 18:51:27 lagouetl.py[line:104] INFO COPY pageno 403, insert count: 232972 current offset: 403000
Tue, 08 Aug 2017 18:51:55 lagouetl.py[line:104] INFO COPY pageno 404, insert count: 233936 current offset: 404000
Tue, 08 Aug 2017 18:52:24 lagouetl.py[line:104] INFO COPY pageno 405, insert count: 234928 current offset: 405000
Tue, 08 Aug 2017 18:52:54 lagouetl.py[line:104] INFO COPY pageno 406, insert count: 235917 current offset: 406000
Tue, 08 Aug 2017 18:53:23 lagouetl.py[line:104] INFO COPY pageno 407, insert count: 236881 current offset: 407000
Tue, 08 Aug 2017 18:53:51 lagouetl.py[line:104] INFO COPY pageno 408, insert count: 237859 current offset: 408000
Tue, 08 Aug 2017 18:54:18 lagouetl.py[line:104] INFO COPY pageno 409, insert count: 238577 current offset: 409000
Tue, 08 Aug 2017 18:54:46 lagouetl.py[line:104] INFO COPY pageno 410, insert count: 239539 current offset: 410000
Tue, 08 Aug 2017 18:55:15 lagouetl.py[line:104] INFO COPY pageno 411, insert count: 240314 current offset: 411000
Tue, 08 Aug 2017 18:55:43 lagouetl.py[line:104] INFO COPY pageno 412, insert count: 241250 current offset: 412000
Tue, 08 Aug 2017 18:56:11 lagouetl.py[line:104] INFO COPY pageno 413, insert count: 241843 current offset: 413000
Tue, 08 Aug 2017 18:56:38 lagouetl.py[line:104] INFO COPY pageno 414, insert count: 242455 current offset: 414000
Tue, 08 Aug 2017 18:57:06 lagouetl.py[line:104] INFO COPY pageno 415, insert count: 243346 current offset: 415000
Tue, 08 Aug 2017 18:57:36 lagouetl.py[line:104] INFO COPY pageno 416, insert count: 244333 current offset: 416000
Tue, 08 Aug 2017 18:58:04 lagouetl.py[line:104] INFO COPY pageno 417, insert count: 245309 current offset: 417000
Tue, 08 Aug 2017 18:58:32 lagouetl.py[line:104] INFO COPY pageno 418, insert count: 246273 current offset: 418000
Tue, 08 Aug 2017 18:59:00 lagouetl.py[line:104] INFO COPY pageno 419, insert count: 247253 current offset: 419000
Tue, 08 Aug 2017 18:59:28 lagouetl.py[line:104] INFO COPY pageno 420, insert count: 248237 current offset: 420000
Tue, 08 Aug 2017 18:59:57 lagouetl.py[line:104] INFO COPY pageno 421, insert count: 249207 current offset: 421000
Tue, 08 Aug 2017 19:00:34 lagouetl.py[line:104] INFO COPY pageno 422, insert count: 249929 current offset: 422000
Tue, 08 Aug 2017 19:01:03 lagouetl.py[line:104] INFO COPY pageno 423, insert count: 250901 current offset: 423000
Tue, 08 Aug 2017 19:01:32 lagouetl.py[line:104] INFO COPY pageno 424, insert count: 251897 current offset: 424000
Tue, 08 Aug 2017 19:02:01 lagouetl.py[line:104] INFO COPY pageno 425, insert count: 252884 current offset: 425000
Tue, 08 Aug 2017 19:02:28 lagouetl.py[line:104] INFO COPY pageno 426, insert count: 253819 current offset: 426000
Tue, 08 Aug 2017 19:02:56 lagouetl.py[line:104] INFO COPY pageno 427, insert count: 254778 current offset: 427000
Tue, 08 Aug 2017 19:03:24 lagouetl.py[line:104] INFO COPY pageno 428, insert count: 255724 current offset: 428000
Tue, 08 Aug 2017 19:03:52 lagouetl.py[line:104] INFO COPY pageno 429, insert count: 256671 current offset: 429000
Tue, 08 Aug 2017 19:04:20 lagouetl.py[line:104] INFO COPY pageno 430, insert count: 257636 current offset: 430000
Tue, 08 Aug 2017 19:04:49 lagouetl.py[line:104] INFO COPY pageno 431, insert count: 258596 current offset: 431000
Tue, 08 Aug 2017 19:05:18 lagouetl.py[line:104] INFO COPY pageno 432, insert count: 259505 current offset: 432000
Tue, 08 Aug 2017 19:05:47 lagouetl.py[line:104] INFO COPY pageno 433, insert count: 260376 current offset: 433000
Tue, 08 Aug 2017 19:06:15 lagouetl.py[line:104] INFO COPY pageno 434, insert count: 261122 current offset: 434000
Tue, 08 Aug 2017 19:06:35 lagouetl.py[line:104] INFO COPY pageno 435, insert count: 261728 current offset: 434674
Tue, 08 Aug 2017 19:06:35 lagouetl.py[line:105] INFO 434674 261728
Tue, 08 Aug 2017 19:06:35 lagouetl.py[line:115] INFO -----Exit-----
